# JRE version: OpenJDK Runtime Environment Temurin-21.0.6+7 (21.0.6+7) (build 21.0.6+7-LTS)
# Java VM: OpenJDK 64-Bit Server VM Temurin-21.0.6+7 (21.0.6+7-LTS, mixed mode, sharing, tiered, compressed oops, compressed class ptrs, g1 gc, windows-amd64)
GC Precious Log:
 CardTable entry size: 512
 Card Set container configuration: InlinePtr #cards 4 size 8 Array Of Cards #cards 16 size 48 Howl #buckets 8 coarsen threshold 3686 Howl Bitmap #cards 512 size 80 coarsen threshold 460 Card regions per heap region 1 cards per card region 4096
 CPUs: 16 total, 16 available
 Memory: 15741M
 Large Page Support: Disabled
 NUMA Support: Disabled
 Compressed Oops: Enabled (Zero based)
 Heap Region Size: 2M
 Heap Min Capacity: 8M
 Heap Initial Capacity: 246M
 Heap Max Capacity: 3936M
 Pre-touch: Disabled
 Parallel Workers: 13
 Concurrent Workers: 3
 Concurrent Refinement Workers: 13
 Periodic GC: Disabled
Heap:
 garbage-first heap   total 503808K, used 104197K [0x000000070a000000, 0x0000000800000000)
  region size 2048K, 14 young (28672K), 11 survivors (22528K)
 Metaspace       used 59369K, committed 60032K, reserved 1114112K
  class space    used 7997K, committed 8320K, reserved 1048576K
GC Heap History (20 events):
Event: 6.479 GC heap before
{Heap before GC invocations=25 (full 0):
 garbage-first heap   total 378880K, used 198664K [0x000000070a000000, 0x0000000800000000)
  region size 2048K, 17 young (34816K), 9 survivors (18432K)
 Metaspace       used 48010K, committed 48576K, reserved 1114112K
  class space    used 6518K, committed 6784K, reserved 1048576K
}
Event: 6.485 GC heap after
{Heap after GC invocations=26 (full 0):
 garbage-first heap   total 378880K, used 81039K [0x000000070a000000, 0x0000000800000000)
  region size 2048K, 8 young (16384K), 8 survivors (16384K)
 Metaspace       used 48010K, committed 48576K, reserved 1114112K
  class space    used 6518K, committed 6784K, reserved 1048576K
}
Event: 6.698 GC heap before
{Heap before GC invocations=26 (full 0):
 garbage-first heap   total 378880K, used 195727K [0x000000070a000000, 0x0000000800000000)
  region size 2048K, 15 young (30720K), 8 survivors (16384K)
 Metaspace       used 48577K, committed 49152K, reserved 1114112K
  class space    used 6565K, committed 6848K, reserved 1048576K
}
Event: 6.702 GC heap after
{Heap after GC invocations=27 (full 0):
 garbage-first heap   total 378880K, used 78901K [0x000000070a000000, 0x0000000800000000)
  region size 2048K, 7 young (14336K), 7 survivors (14336K)
 Metaspace       used 48577K, committed 49152K, reserved 1114112K
  class space    used 6565K, committed 6848K, reserved 1048576K
}
Event: 6.873 GC heap before
{Heap before GC invocations=27 (full 0):
 garbage-first heap   total 378880K, used 191541K [0x000000070a000000, 0x0000000800000000)
  region size 2048K, 13 young (26624K), 7 survivors (14336K)
 Metaspace       used 48834K, committed 49344K, reserved 1114112K
  class space    used 6598K, committed 6848K, reserved 1048576K
}
Event: 6.879 GC heap after
{Heap after GC invocations=28 (full 0):
 garbage-first heap   total 454656K, used 78291K [0x000000070a000000, 0x0000000800000000)
  region size 2048K, 7 young (14336K), 7 survivors (14336K)
 Metaspace       used 48834K, committed 49344K, reserved 1114112K
  class space    used 6598K, committed 6848K, reserved 1048576K
}
Event: 7.116 GC heap before
{Heap before GC invocations=28 (full 0):
 garbage-first heap   total 454656K, used 229843K [0x000000070a000000, 0x0000000800000000)
  region size 2048K, 15 young (30720K), 7 survivors (14336K)
 Metaspace       used 49035K, committed 49536K, reserved 1114112K
  class space    used 6622K, committed 6848K, reserved 1048576K
}
Event: 7.130 GC heap after
{Heap after GC invocations=29 (full 0):
 garbage-first heap   total 454656K, used 78068K [0x000000070a000000, 0x0000000800000000)
  region size 2048K, 7 young (14336K), 7 survivors (14336K)
 Metaspace       used 49035K, committed 49536K, reserved 1114112K
  class space    used 6622K, committed 6848K, reserved 1048576K
}
Event: 7.594 GC heap before
{Heap before GC invocations=29 (full 0):
 garbage-first heap   total 454656K, used 237812K [0x000000070a000000, 0x0000000800000000)
  region size 2048K, 19 young (38912K), 7 survivors (14336K)
 Metaspace       used 49816K, committed 50432K, reserved 1114112K
  class space    used 6697K, committed 6976K, reserved 1048576K
}
Event: 7.599 GC heap after
{Heap after GC invocations=30 (full 0):
 garbage-first heap   total 454656K, used 78238K [0x000000070a000000, 0x0000000800000000)
  region size 2048K, 7 young (14336K), 7 survivors (14336K)
 Metaspace       used 49816K, committed 50432K, reserved 1114112K
  class space    used 6697K, committed 6976K, reserved 1048576K
}
Event: 9.562 GC heap before
{Heap before GC invocations=30 (full 0):
 garbage-first heap   total 456704K, used 453022K [0x000000070a000000, 0x0000000800000000)
  region size 2048K, 129 young (264192K), 7 survivors (14336K)
 Metaspace       used 55631K, committed 56256K, reserved 1114112K
  class space    used 7579K, committed 7872K, reserved 1048576K
}
Event: 9.571 GC heap after
{Heap after GC invocations=31 (full 0):
 garbage-first heap   total 483328K, used 93127K [0x000000070a000000, 0x0000000800000000)
  region size 2048K, 13 young (26624K), 13 survivors (26624K)
 Metaspace       used 55631K, committed 56256K, reserved 1114112K
  class space    used 7579K, committed 7872K, reserved 1048576K
}
Event: 10.346 GC heap before
{Heap before GC invocations=31 (full 0):
 garbage-first heap   total 483328K, used 476103K [0x000000070a000000, 0x0000000800000000)
  region size 2048K, 128 young (262144K), 13 survivors (26624K)
 Metaspace       used 56473K, committed 57088K, reserved 1114112K
  class space    used 7735K, committed 8000K, reserved 1048576K
}
Event: 10.356 GC heap after
{Heap after GC invocations=32 (full 0):
 garbage-first heap   total 503808K, used 89675K [0x000000070a000000, 0x0000000800000000)
  region size 2048K, 7 young (14336K), 7 survivors (14336K)
 Metaspace       used 56473K, committed 57088K, reserved 1114112K
  class space    used 7735K, committed 8000K, reserved 1048576K
}
Event: 10.861 GC heap before
{Heap before GC invocations=32 (full 0):
 garbage-first heap   total 503808K, used 425547K [0x000000070a000000, 0x0000000800000000)
  region size 2048K, 99 young (202752K), 7 survivors (14336K)
 Metaspace       used 57065K, committed 57664K, reserved 1114112K
  class space    used 7830K, committed 8128K, reserved 1048576K
}
Event: 10.868 GC heap after
{Heap after GC invocations=33 (full 0):
 garbage-first heap   total 503808K, used 89585K [0x000000070a000000, 0x0000000800000000)
  region size 2048K, 7 young (14336K), 7 survivors (14336K)
 Metaspace       used 57065K, committed 57664K, reserved 1114112K
  class space    used 7830K, committed 8128K, reserved 1048576K
}
Event: 11.389 GC heap before
{Heap before GC invocations=33 (full 0):
 garbage-first heap   total 503808K, used 366065K [0x000000070a000000, 0x0000000800000000)
  region size 2048K, 71 young (145408K), 7 survivors (14336K)
 Metaspace       used 57621K, committed 58240K, reserved 1114112K
  class space    used 7884K, committed 8192K, reserved 1048576K
}
Event: 11.395 GC heap after
{Heap after GC invocations=34 (full 0):
 garbage-first heap   total 503808K, used 90748K [0x000000070a000000, 0x0000000800000000)
  region size 2048K, 8 young (16384K), 8 survivors (16384K)
 Metaspace       used 57621K, committed 58240K, reserved 1114112K
  class space    used 7884K, committed 8192K, reserved 1048576K
}
Event: 46.227 GC heap before
{Heap before GC invocations=34 (full 0):
 garbage-first heap   total 503808K, used 406140K [0x000000070a000000, 0x0000000800000000)
  region size 2048K, 147 young (301056K), 8 survivors (16384K)
 Metaspace       used 59325K, committed 59968K, reserved 1114112K
  class space    used 7994K, committed 8320K, reserved 1048576K
}
Event: 46.258 GC heap after
{Heap after GC invocations=35 (full 0):
 garbage-first heap   total 503808K, used 100101K [0x000000070a000000, 0x0000000800000000)
  region size 2048K, 11 young (22528K), 11 survivors (22528K)
 Metaspace       used 59325K, committed 59968K, reserved 1114112K
  class space    used 7994K, committed 8320K, reserved 1048576K
}

